This file contains any messages produced by compilers while
running configure, to aid debugging if configure makes a mistake.

It was created by yara configure 4.5.4, which was
generated by GNU Autoconf 2.71.  Invocation command line was

  $ ./configure

## --------- ##
## Platform. ##
## --------- ##

hostname = kanra-GL63-8RC
uname -m = x86_64
uname -r = 6.11.0-26-generic
uname -s = Linux
uname -v = #26~24.04.1-Ubuntu SMP PREEMPT_DYNAMIC Thu Apr 17 19:20:47 UTC 2

/usr/bin/uname -p = x86_64
/bin/uname -X     = unknown

/bin/arch              = x86_64
/usr/bin/arch -k       = unknown
/usr/convex/getsysinfo = unknown
/usr/bin/hostinfo      = unknown
/bin/machine           = unknown
/usr/bin/oslevel       = unknown
/bin/universe          = unknown

PATH: /usr/local/sbin/
PATH: /usr/local/bin/
PATH: /usr/sbin/
PATH: /usr/bin/
PATH: /sbin/
PATH: /bin/
PATH: /usr/games/
PATH: /usr/local/games/
PATH: /snap/bin/
PATH: /snap/bin/


## ----------- ##
## Core tests. ##
## ----------- ##

configure:2528: looking for aux files: config.guess config.sub ltmain.sh compile ar-lib missing install-sh
configure:2541:  trying ./build-aux/
configure:2570:   ./build-aux/config.guess found
configure:2570:   ./build-aux/config.sub found
configure:2570:   ./build-aux/ltmain.sh found
configure:2570:   ./build-aux/compile found
configure:2570:   ./build-aux/ar-lib found
configure:2570:   ./build-aux/missing found
configure:2552:   ./build-aux/install-sh found
configure:2694: checking whether make supports nested variables
configure:2712: result: yes
configure:2745: checking for a BSD-compatible install
configure:2818: result: /usr/bin/install -c
configure:2829: checking whether build environment is sane
configure:2884: result: yes
configure:3043: checking for a race-free mkdir -p
configure:3087: result: /usr/bin/mkdir -p
configure:3094: checking for gawk
configure:3129: result: no
configure:3094: checking for mawk
configure:3115: found /usr/bin/mawk
configure:3126: result: mawk
configure:3137: checking whether make sets $(MAKE)
configure:3160: result: yes
configure:3327: checking whether make supports the include directive
configure:3342: make -f confmf.GNU && cat confinc.out
this is the am__doit target
configure:3345: $? = 0
configure:3364: result: yes (GNU style)
configure:3440: checking for gcc
configure:3461: found /usr/bin/gcc
configure:3472: result: gcc
configure:3825: checking for C compiler version
configure:3834: gcc --version >&5
gcc (Ubuntu 13.3.0-6ubuntu2~24.04) 13.3.0
Copyright (C) 2023 Free Software Foundation, Inc.
This is free software; see the source for copying conditions.  There is NO
warranty; not even for MERCHANTABILITY or FITNESS FOR A PARTICULAR PURPOSE.

configure:3845: $? = 0
configure:3834: gcc -v >&5
Using built-in specs.
COLLECT_GCC=gcc
COLLECT_LTO_WRAPPER=/usr/libexec/gcc/x86_64-linux-gnu/13/lto-wrapper
OFFLOAD_TARGET_NAMES=nvptx-none:amdgcn-amdhsa
OFFLOAD_TARGET_DEFAULT=1
Target: x86_64-linux-gnu
Configured with: ../src/configure -v --with-pkgversion='Ubuntu 13.3.0-6ubuntu2~24.04' --with-bugurl=file:///usr/share/doc/gcc-13/README.Bugs --enable-languages=c,ada,c++,go,d,fortran,objc,obj-c++,m2 --prefix=/usr --with-gcc-major-version-only --program-suffix=-13 --program-prefix=x86_64-linux-gnu- --enable-shared --enable-linker-build-id --libexecdir=/usr/libexec --without-included-gettext --enable-threads=posix --libdir=/usr/lib --enable-nls --enable-bootstrap --enable-clocale=gnu --enable-libstdcxx-debug --enable-libstdcxx-time=yes --with-default-libstdcxx-abi=new --enable-libstdcxx-backtrace --enable-gnu-unique-object --disable-vtable-verify --enable-plugin --enable-default-pie --with-system-zlib --enable-libphobos-checking=release --with-target-system-zlib=auto --enable-objc-gc=auto --enable-multiarch --disable-werror --enable-cet --with-arch-32=i686 --with-abi=m64 --with-multilib-list=m32,m64,mx32 --enable-multilib --with-tune=generic --enable-offload-targets=nvptx-none=/build/gcc-13-fG75Ri/gcc-13-13.3.0/debian/tmp-nvptx/usr,amdgcn-amdhsa=/build/gcc-13-fG75Ri/gcc-13-13.3.0/debian/tmp-gcn/usr --enable-offload-defaulted --without-cuda-driver --enable-checking=release --build=x86_64-linux-gnu --host=x86_64-linux-gnu --target=x86_64-linux-gnu --with-build-config=bootstrap-lto-lean --enable-link-serialization=2
Thread model: posix
Supported LTO compression algorithms: zlib zstd
gcc version 13.3.0 (Ubuntu 13.3.0-6ubuntu2~24.04) 
... rest of stderr output deleted ...
configure:3845: $? = 0
configure:3834: gcc -V >&5
gcc: error: unrecognized command-line option '-V'
gcc: fatal error: no input files
compilation terminated.
configure:3845: $? = 1
configure:3834: gcc -qversion >&5
gcc: error: unrecognized command-line option '-qversion'; did you mean '--version'?
gcc: fatal error: no input files
compilation terminated.
configure:3845: $? = 1
configure:3834: gcc -version >&5
gcc: error: unrecognized command-line option '-version'
gcc: fatal error: no input files
compilation terminated.
configure:3845: $? = 1
configure:3865: checking whether the C compiler works
configure:3887: gcc    conftest.c  >&5
configure:3891: $? = 0
configure:3941: result: yes
configure:3944: checking for C compiler default output file name
configure:3946: result: a.out
configure:3952: checking for suffix of executables
configure:3959: gcc -o conftest    conftest.c  >&5
configure:3963: $? = 0
configure:3986: result: 
configure:4008: checking whether we are cross compiling
configure:4016: gcc -o conftest    conftest.c  >&5
configure:4020: $? = 0
configure:4027: ./conftest
configure:4031: $? = 0
configure:4046: result: no
configure:4051: checking for suffix of object files
configure:4074: gcc -c   conftest.c >&5
configure:4078: $? = 0
configure:4100: result: o
configure:4104: checking whether the compiler supports GNU C
configure:4124: gcc -c   conftest.c >&5
configure:4124: $? = 0
configure:4134: result: yes
configure:4145: checking whether gcc accepts -g
configure:4166: gcc -c -g  conftest.c >&5
configure:4166: $? = 0
configure:4210: result: yes
configure:4230: checking for gcc option to enable C11 features
configure:4245: gcc  -c   conftest.c >&5
configure:4245: $? = 0
configure:4263: result: none needed
configure:4379: checking whether gcc understands -c and -o together
configure:4402: gcc -c conftest.c -o conftest2.o
configure:4405: $? = 0
configure:4402: gcc -c conftest.c -o conftest2.o
configure:4405: $? = 0
configure:4417: result: yes
configure:4436: checking dependency style of gcc
configure:4548: result: gcc3
configure:4619: checking for ar
configure:4640: found /usr/bin/ar
configure:4651: result: ar
configure:4677: checking the archiver (ar) interface
configure:4694: gcc -c   conftest.c >&5
configure:4694: $? = 0
configure:4697: ar cru libconftest.a conftest.o >&5
ar: `u' modifier ignored since `D' is the default (see `U')
configure:4700: $? = 0
configure:4728: result: ar
configure:4802: checking for gcc
configure:4834: result: gcc
configure:5187: checking for C compiler version
configure:5196: gcc --version >&5
gcc (Ubuntu 13.3.0-6ubuntu2~24.04) 13.3.0
Copyright (C) 2023 Free Software Foundation, Inc.
This is free software; see the source for copying conditions.  There is NO
warranty; not even for MERCHANTABILITY or FITNESS FOR A PARTICULAR PURPOSE.

configure:5207: $? = 0
configure:5196: gcc -v >&5
Using built-in specs.
COLLECT_GCC=gcc
COLLECT_LTO_WRAPPER=/usr/libexec/gcc/x86_64-linux-gnu/13/lto-wrapper
OFFLOAD_TARGET_NAMES=nvptx-none:amdgcn-amdhsa
OFFLOAD_TARGET_DEFAULT=1
Target: x86_64-linux-gnu
Configured with: ../src/configure -v --with-pkgversion='Ubuntu 13.3.0-6ubuntu2~24.04' --with-bugurl=file:///usr/share/doc/gcc-13/README.Bugs --enable-languages=c,ada,c++,go,d,fortran,objc,obj-c++,m2 --prefix=/usr --with-gcc-major-version-only --program-suffix=-13 --program-prefix=x86_64-linux-gnu- --enable-shared --enable-linker-build-id --libexecdir=/usr/libexec --without-included-gettext --enable-threads=posix --libdir=/usr/lib --enable-nls --enable-bootstrap --enable-clocale=gnu --enable-libstdcxx-debug --enable-libstdcxx-time=yes --with-default-libstdcxx-abi=new --enable-libstdcxx-backtrace --enable-gnu-unique-object --disable-vtable-verify --enable-plugin --enable-default-pie --with-system-zlib --enable-libphobos-checking=release --with-target-system-zlib=auto --enable-objc-gc=auto --enable-multiarch --disable-werror --enable-cet --with-arch-32=i686 --with-abi=m64 --with-multilib-list=m32,m64,mx32 --enable-multilib --with-tune=generic --enable-offload-targets=nvptx-none=/build/gcc-13-fG75Ri/gcc-13-13.3.0/debian/tmp-nvptx/usr,amdgcn-amdhsa=/build/gcc-13-fG75Ri/gcc-13-13.3.0/debian/tmp-gcn/usr --enable-offload-defaulted --without-cuda-driver --enable-checking=release --build=x86_64-linux-gnu --host=x86_64-linux-gnu --target=x86_64-linux-gnu --with-build-config=bootstrap-lto-lean --enable-link-serialization=2
Thread model: posix
Supported LTO compression algorithms: zlib zstd
gcc version 13.3.0 (Ubuntu 13.3.0-6ubuntu2~24.04) 
... rest of stderr output deleted ...
configure:5207: $? = 0
configure:5196: gcc -V >&5
gcc: error: unrecognized command-line option '-V'
gcc: fatal error: no input files
compilation terminated.
configure:5207: $? = 1
configure:5196: gcc -qversion >&5
gcc: error: unrecognized command-line option '-qversion'; did you mean '--version'?
gcc: fatal error: no input files
compilation terminated.
configure:5207: $? = 1
configure:5196: gcc -version >&5
gcc: error: unrecognized command-line option '-version'
gcc: fatal error: no input files
compilation terminated.
configure:5207: $? = 1
configure:5211: checking whether the compiler supports GNU C
configure:5241: result: yes
configure:5252: checking whether gcc accepts -g
configure:5317: result: yes
configure:5337: checking for gcc option to enable C11 features
configure:5370: result: none needed
configure:5486: checking whether gcc understands -c and -o together
configure:5524: result: yes
configure:5543: checking dependency style of gcc
configure:5655: result: gcc3
configure:5674: checking for flex
configure:5695: found /usr/bin/flex
configure:5706: result: flex
configure:5755: checking for lex output file root
configure:5768: flex conftest.l
configure:5772: $? = 0
configure:5780: result: lex.yy
configure:5795: checking for lex library
configure:5820: gcc -o conftest    conftest.c  >&5
configure:5820: $? = 0
configure:5833: result: none needed
configure:5848: checking for library containing yywrap
configure:5878: gcc -o conftest    conftest.c  >&5
/usr/bin/ld: /tmp/ccjxyuhL.o: in function `main':
conftest.c:(.text+0xe): undefined reference to `yywrap'
collect2: error: ld returned 1 exit status
configure:5878: $? = 1
configure: failed program was:
| /* confdefs.h */
| #define PACKAGE_NAME "yara"
| #define PACKAGE_TARNAME "yara"
| #define PACKAGE_VERSION "4.5.4"
| #define PACKAGE_STRING "yara 4.5.4"
| #define PACKAGE_BUGREPORT "vmalvarez@virustotal.com"
| #define PACKAGE_URL ""
| #define PACKAGE "yara"
| #define VERSION "4.5.4"
| /* end confdefs.h.  */
| 
| /* Override any GCC internal prototype to avoid an error.
|    Use char because int might match the return type of a GCC
|    builtin and then its argument prototype would still apply.  */
| char yywrap ();
| int
| main (void)
| {
| return yywrap ();
|   ;
|   return 0;
| }
configure:5878: gcc -o conftest    conftest.c -lfl   >&5
/usr/bin/ld: /usr/lib/gcc/x86_64-linux-gnu/13/../../../x86_64-linux-gnu/libfl.so: undefined reference to `yylex'
collect2: error: ld returned 1 exit status
configure:5878: $? = 1
configure: failed program was:
| /* confdefs.h */
| #define PACKAGE_NAME "yara"
| #define PACKAGE_TARNAME "yara"
| #define PACKAGE_VERSION "4.5.4"
| #define PACKAGE_STRING "yara 4.5.4"
| #define PACKAGE_BUGREPORT "vmalvarez@virustotal.com"
| #define PACKAGE_URL ""
| #define PACKAGE "yara"
| #define VERSION "4.5.4"
| /* end confdefs.h.  */
| 
| /* Override any GCC internal prototype to avoid an error.
|    Use char because int might match the return type of a GCC
|    builtin and then its argument prototype would still apply.  */
| char yywrap ();
| int
| main (void)
| {
| return yywrap ();
|   ;
|   return 0;
| }
configure:5878: gcc -o conftest    conftest.c -ll   >&5
configure:5878: $? = 0
configure:5898: result: -ll
configure:5914: checking whether yytext is a pointer
configure:5930: gcc -c   conftest.c >&5
configure:5930: $? = 0
configure:5937: result: yes
configure:5956: checking for bison
configure:5977: found /usr/bin/bison
configure:5988: result: bison -y
configure:6004: checking for inline
configure:6021: gcc -c   conftest.c >&5
configure:6021: $? = 0
configure:6030: result: inline
configure:6053: checking for stdio.h
configure:6053: gcc -c   conftest.c >&5
configure:6053: $? = 0
configure:6053: result: yes
configure:6053: checking for stdlib.h
configure:6053: gcc -c   conftest.c >&5
configure:6053: $? = 0
configure:6053: result: yes
configure:6053: checking for string.h
configure:6053: gcc -c   conftest.c >&5
configure:6053: $? = 0
configure:6053: result: yes
configure:6053: checking for inttypes.h
configure:6053: gcc -c   conftest.c >&5
configure:6053: $? = 0
configure:6053: result: yes
configure:6053: checking for stdint.h
configure:6053: gcc -c   conftest.c >&5
configure:6053: $? = 0
configure:6053: result: yes
configure:6053: checking for strings.h
configure:6053: gcc -c   conftest.c >&5
configure:6053: $? = 0
configure:6053: result: yes
configure:6053: checking for sys/stat.h
configure:6053: gcc -c   conftest.c >&5
configure:6053: $? = 0
configure:6053: result: yes
configure:6053: checking for sys/types.h
configure:6053: gcc -c   conftest.c >&5
configure:6053: $? = 0
configure:6053: result: yes
configure:6053: checking for unistd.h
configure:6053: gcc -c   conftest.c >&5
configure:6053: $? = 0
configure:6053: result: yes
configure:6078: checking whether byte ordering is bigendian
configure:6094: gcc -c   conftest.c >&5
conftest.c:23:16: error: unknown type name 'not'
   23 |                not a universal capable compiler
      |                ^~~
conftest.c:23:22: error: expected '=', ',', ';', 'asm' or '__attribute__' before 'universal'
   23 |                not a universal capable compiler
      |                      ^~~~~~~~~
conftest.c:23:22: error: unknown type name 'universal'
configure:6094: $? = 1
configure: failed program was:
| /* confdefs.h */
| #define PACKAGE_NAME "yara"
| #define PACKAGE_TARNAME "yara"
| #define PACKAGE_VERSION "4.5.4"
| #define PACKAGE_STRING "yara 4.5.4"
| #define PACKAGE_BUGREPORT "vmalvarez@virustotal.com"
| #define PACKAGE_URL ""
| #define PACKAGE "yara"
| #define VERSION "4.5.4"
| #define YYTEXT_POINTER 1
| #define HAVE_STDIO_H 1
| #define HAVE_STDLIB_H 1
| #define HAVE_STRING_H 1
| #define HAVE_INTTYPES_H 1
| #define HAVE_STDINT_H 1
| #define HAVE_STRINGS_H 1
| #define HAVE_SYS_STAT_H 1
| #define HAVE_SYS_TYPES_H 1
| #define HAVE_UNISTD_H 1
| #define STDC_HEADERS 1
| /* end confdefs.h.  */
| #ifndef __APPLE_CC__
| 	       not a universal capable compiler
| 	     #endif
| 	     typedef int dummy;
| 
configure:6140: gcc -c   conftest.c >&5
configure:6140: $? = 0
configure:6159: gcc -c   conftest.c >&5
conftest.c: In function 'main':
conftest.c:29:18: error: unknown type name 'not'; did you mean 'ino_t'?
   29 |                  not big endian
      |                  ^~~
      |                  ino_t
conftest.c:29:26: error: expected '=', ',', ';', 'asm' or '__attribute__' before 'endian'
   29 |                  not big endian
      |                          ^~~~~~
configure:6159: $? = 1
configure: failed program was:
| /* confdefs.h */
| #define PACKAGE_NAME "yara"
| #define PACKAGE_TARNAME "yara"
| #define PACKAGE_VERSION "4.5.4"
| #define PACKAGE_STRING "yara 4.5.4"
| #define PACKAGE_BUGREPORT "vmalvarez@virustotal.com"
| #define PACKAGE_URL ""
| #define PACKAGE "yara"
| #define VERSION "4.5.4"
| #define YYTEXT_POINTER 1
| #define HAVE_STDIO_H 1
| #define HAVE_STDLIB_H 1
| #define HAVE_STRING_H 1
| #define HAVE_INTTYPES_H 1
| #define HAVE_STDINT_H 1
| #define HAVE_STRINGS_H 1
| #define HAVE_SYS_STAT_H 1
| #define HAVE_SYS_TYPES_H 1
| #define HAVE_UNISTD_H 1
| #define STDC_HEADERS 1
| /* end confdefs.h.  */
| #include <sys/types.h>
| 		#include <sys/param.h>
| 
| int
| main (void)
| {
| #if BYTE_ORDER != BIG_ENDIAN
| 		 not big endian
| 		#endif
| 
|   ;
|   return 0;
| }
configure:6293: result: no
configure:6344: checking build system type
configure:6359: result: x86_64-pc-linux-gnu
configure:6379: checking host system type
configure:6393: result: x86_64-pc-linux-gnu
configure:6434: checking how to print strings
configure:6461: result: printf
configure:6482: checking for a sed that does not truncate output
configure:6552: result: /usr/bin/sed
configure:6570: checking for grep that handles long lines and -e
configure:6634: result: /usr/bin/grep
configure:6639: checking for egrep
configure:6707: result: /usr/bin/grep -E
configure:6712: checking for fgrep
configure:6780: result: /usr/bin/grep -F
configure:6816: checking for ld used by gcc
configure:6884: result: /usr/bin/ld
configure:6891: checking if the linker (/usr/bin/ld) is GNU ld
configure:6907: result: yes
configure:6919: checking for BSD- or MS-compatible name lister (nm)
configure:6974: result: /usr/bin/nm -B
configure:7114: checking the name lister (/usr/bin/nm -B) interface
configure:7122: gcc -c   conftest.c >&5
configure:7125: /usr/bin/nm -B "conftest.o"
configure:7128: output
0000000000000000 B some_variable
configure:7135: result: BSD nm
configure:7138: checking whether ln -s works
configure:7142: result: yes
configure:7150: checking the maximum length of command line arguments
configure:7282: result: 1572864
configure:7330: checking how to convert x86_64-pc-linux-gnu file names to x86_64-pc-linux-gnu format
configure:7371: result: func_convert_file_noop
configure:7378: checking how to convert x86_64-pc-linux-gnu file names to toolchain format
configure:7399: result: func_convert_file_noop
configure:7406: checking for /usr/bin/ld option to reload object files
configure:7414: result: -r
configure:7493: checking for file
configure:7514: found /usr/bin/file
configure:7525: result: file
configure:7601: checking for objdump
configure:7622: found /usr/bin/objdump
configure:7633: result: objdump
configure:7665: checking how to recognize dependent libraries
configure:7866: result: pass_all
configure:7956: checking for dlltool
configure:7991: result: no
configure:8021: checking how to associate runtime and link libraries
configure:8049: result: printf %s\n
configure:8199: checking for archiver @FILE support
configure:8217: gcc -c   conftest.c >&5
configure:8217: $? = 0
configure:8221: ar cr libconftest.a @conftest.lst >&5
configure:8224: $? = 0
configure:8229: ar cr libconftest.a @conftest.lst >&5
ar: conftest.o: No such file or directory
configure:8232: $? = 1
configure:8244: result: @
configure:8307: checking for strip
configure:8328: found /usr/bin/strip
configure:8339: result: strip
configure:8416: checking for ranlib
configure:8437: found /usr/bin/ranlib
configure:8448: result: ranlib
configure:8550: checking command to parse /usr/bin/nm -B output from gcc object
configure:8704: gcc -c   conftest.c >&5
configure:8707: $? = 0
configure:8711: /usr/bin/nm -B conftest.o | /usr/bin/sed -n -e 's/^.*[	 ]\([ABCDGIRSTW][ABCDGIRSTW]*\)[	 ][	 ]*\([_A-Za-z][_A-Za-z0-9]*\)$/\1 \2 \2/p' | /usr/bin/sed '/ __gnu_lto/d' > conftest.nm
configure:8777: gcc -o conftest    conftest.c conftstm.o >&5
configure:8780: $? = 0
configure:8818: result: ok
configure:8865: checking for sysroot
configure:8896: result: no
configure:8903: checking for a working dd
configure:8947: result: /usr/bin/dd
configure:8951: checking how to truncate binary pipes
configure:8967: result: /usr/bin/dd bs=4096 count=1
configure:9104: gcc -c   conftest.c >&5
configure:9107: $? = 0
configure:9304: checking for mt
configure:9325: found /usr/bin/mt
configure:9336: result: mt
configure:9359: checking if mt is a manifest tool
configure:9366: mt '-?'
configure:9374: result: no
configure:10095: checking for dlfcn.h
configure:10095: gcc -c   conftest.c >&5
configure:10095: $? = 0
configure:10095: result: yes
configure:10354: checking for objdir
configure:10370: result: .libs
configure:10634: checking if gcc supports -fno-rtti -fno-exceptions
configure:10653: gcc -c   -fno-rtti -fno-exceptions conftest.c >&5
cc1: warning: command-line option '-fno-rtti' is valid for C++/D/ObjC++ but not for C
configure:10657: $? = 0
configure:10670: result: no
configure:11034: checking for gcc option to produce PIC
configure:11042: result: -fPIC -DPIC
configure:11050: checking if gcc PIC flag -fPIC -DPIC works
configure:11069: gcc -c   -fPIC -DPIC -DPIC conftest.c >&5
configure:11073: $? = 0
configure:11086: result: yes
configure:11115: checking if gcc static flag -static works
configure:11144: result: yes
configure:11159: checking if gcc supports -c -o file.o
configure:11181: gcc -c   -o out/conftest2.o conftest.c >&5
configure:11185: $? = 0
configure:11207: result: yes
configure:11215: checking if gcc supports -c -o file.o
configure:11263: result: yes
configure:11296: checking whether the gcc linker (/usr/bin/ld -m elf_x86_64) supports shared libraries
configure:12570: result: yes
configure:12607: checking whether -lc should be explicitly linked in
configure:12616: gcc -c   conftest.c >&5
configure:12619: $? = 0
configure:12634: gcc -shared  -fPIC -DPIC conftest.o  -v -Wl,-soname -Wl,conftest -o conftest 2\>\&1 \| /usr/bin/grep  -lc  \>/dev/null 2\>\&1
configure:12637: $? = 0
configure:12651: result: no
configure:12811: checking dynamic linker characteristics
configure:13393: gcc -o conftest    -Wl,-rpath -Wl,/foo conftest.c  >&5
configure:13393: $? = 0
configure:13644: result: GNU/Linux ld.so
configure:13766: checking how to hardcode library paths into programs
configure:13791: result: immediate
configure:14343: checking whether stripping libraries is possible
configure:14352: result: yes
configure:14394: checking if libtool supports shared libraries
configure:14396: result: yes
configure:14399: checking whether to build shared libraries
configure:14424: result: yes
configure:14427: checking whether to build static libraries
configure:14431: result: yes
configure:14694: checking for the pthreads library -lpthreads
configure:14727: gcc -o conftest  -DUSE_LINUX_PROC    conftest.c -lpthreads  >&5
conftest.c: In function 'main':
conftest.c:29:22: warning: argument 1 null where non-null expected [-Wnonnull]
   29 |                      pthread_attr_init(0); pthread_cleanup_push(0, 0);
      |                      ^~~~~~~~~~~~~~~~~
In file included from conftest.c:24:
/usr/include/pthread.h:285:12: note: in a call to function 'pthread_attr_init' declared 'nonnull'
  285 | extern int pthread_attr_init (pthread_attr_t *__attr) __THROW __nonnull ((1));
      |            ^~~~~~~~~~~~~~~~~
conftest.c:30:22: warning: argument 1 null where non-null expected [-Wnonnull]
   30 |                      pthread_create(0,0,0,0); pthread_cleanup_pop(0);
      |                      ^~~~~~~~~~~~~~
/usr/include/pthread.h:202:12: note: in a call to function 'pthread_create' declared 'nonnull'
  202 | extern int pthread_create (pthread_t *__restrict __newthread,
      |            ^~~~~~~~~~~~~~
conftest.c:30:22: warning: argument 3 null where non-null expected [-Wnonnull]
   30 |                      pthread_create(0,0,0,0); pthread_cleanup_pop(0);
      |                      ^~~~~~~~~~~~~~
/usr/include/pthread.h:202:12: note: in a call to function 'pthread_create' declared 'nonnull'
  202 | extern int pthread_create (pthread_t *__restrict __newthread,
      |            ^~~~~~~~~~~~~~
/usr/bin/ld: cannot find -lpthreads: No such file or directory
collect2: error: ld returned 1 exit status
configure:14727: $? = 1
configure: failed program was:
| /* confdefs.h */
| #define PACKAGE_NAME "yara"
| #define PACKAGE_TARNAME "yara"
| #define PACKAGE_VERSION "4.5.4"
| #define PACKAGE_STRING "yara 4.5.4"
| #define PACKAGE_BUGREPORT "vmalvarez@virustotal.com"
| #define PACKAGE_URL ""
| #define PACKAGE "yara"
| #define VERSION "4.5.4"
| #define YYTEXT_POINTER 1
| #define HAVE_STDIO_H 1
| #define HAVE_STDLIB_H 1
| #define HAVE_STRING_H 1
| #define HAVE_INTTYPES_H 1
| #define HAVE_STDINT_H 1
| #define HAVE_STRINGS_H 1
| #define HAVE_SYS_STAT_H 1
| #define HAVE_SYS_TYPES_H 1
| #define HAVE_UNISTD_H 1
| #define STDC_HEADERS 1
| #define HAVE_DLFCN_H 1
| #define LT_OBJDIR ".libs/"
| /* end confdefs.h.  */
| #include <pthread.h>
| int
| main (void)
| {
| pthread_t th; pthread_join(th, 0);
|                      pthread_attr_init(0); pthread_cleanup_push(0, 0);
|                      pthread_create(0,0,0,0); pthread_cleanup_pop(0);
|   ;
|   return 0;
| }
configure:14737: result: no
configure:14634: checking whether pthreads work without any flags
configure:14727: gcc -o conftest  -DUSE_LINUX_PROC    conftest.c   >&5
conftest.c: In function 'main':
conftest.c:29:22: warning: argument 1 null where non-null expected [-Wnonnull]
   29 |                      pthread_attr_init(0); pthread_cleanup_push(0, 0);
      |                      ^~~~~~~~~~~~~~~~~
In file included from conftest.c:24:
/usr/include/pthread.h:285:12: note: in a call to function 'pthread_attr_init' declared 'nonnull'
  285 | extern int pthread_attr_init (pthread_attr_t *__attr) __THROW __nonnull ((1));
      |            ^~~~~~~~~~~~~~~~~
conftest.c:30:22: warning: argument 1 null where non-null expected [-Wnonnull]
   30 |                      pthread_create(0,0,0,0); pthread_cleanup_pop(0);
      |                      ^~~~~~~~~~~~~~
/usr/include/pthread.h:202:12: note: in a call to function 'pthread_create' declared 'nonnull'
  202 | extern int pthread_create (pthread_t *__restrict __newthread,
      |            ^~~~~~~~~~~~~~
conftest.c:30:22: warning: argument 3 null where non-null expected [-Wnonnull]
   30 |                      pthread_create(0,0,0,0); pthread_cleanup_pop(0);
      |                      ^~~~~~~~~~~~~~
/usr/include/pthread.h:202:12: note: in a call to function 'pthread_create' declared 'nonnull'
  202 | extern int pthread_create (pthread_t *__restrict __newthread,
      |            ^~~~~~~~~~~~~~
configure:14727: $? = 0
configure:14737: result: yes
configure:14756: checking for joinable pthread attribute
configure:14771: gcc -o conftest  -DUSE_LINUX_PROC    conftest.c   >&5
configure:14771: $? = 0
configure:14778: result: PTHREAD_CREATE_JOINABLE
configure:14786: checking if more special flags are required for pthreads
configure:14793: result: no
configure:14887: checking whether to check for GCC pthread/shared inconsistencies
configure:14900: gcc -o conftest -shared -fPIC -Wl,-z,defs  -DUSE_LINUX_PROC    conftest.c   >&5
configure:14900: $? = 0
configure:14913: result: yes
configure:14919: checking whether -pthread is sufficient with -shared
configure:14934: gcc -o conftest -shared -fPIC -Wl,-z,defs  -DUSE_LINUX_PROC    conftest.c   >&5
conftest.c: In function 'main':
conftest.c:29:11: warning: argument 1 null where non-null expected [-Wnonnull]
   29 |           pthread_attr_init(0); pthread_cleanup_push(0, 0);
      |           ^~~~~~~~~~~~~~~~~
In file included from conftest.c:24:
/usr/include/pthread.h:285:12: note: in a call to function 'pthread_attr_init' declared 'nonnull'
  285 | extern int pthread_attr_init (pthread_attr_t *__attr) __THROW __nonnull ((1));
      |            ^~~~~~~~~~~~~~~~~
conftest.c:30:11: warning: argument 1 null where non-null expected [-Wnonnull]
   30 |           pthread_create(0,0,0,0); pthread_cleanup_pop(0);
      |           ^~~~~~~~~~~~~~
/usr/include/pthread.h:202:12: note: in a call to function 'pthread_create' declared 'nonnull'
  202 | extern int pthread_create (pthread_t *__restrict __newthread,
      |            ^~~~~~~~~~~~~~
conftest.c:30:11: warning: argument 3 null where non-null expected [-Wnonnull]
   30 |           pthread_create(0,0,0,0); pthread_cleanup_pop(0);
      |           ^~~~~~~~~~~~~~
/usr/include/pthread.h:202:12: note: in a call to function 'pthread_create' declared 'nonnull'
  202 | extern int pthread_create (pthread_t *__restrict __newthread,
      |            ^~~~~~~~~~~~~~
configure:14934: $? = 0
configure:14942: result: yes
configure:15061: checking for isnan in -lm
configure:15084: gcc -o conftest  -DUSE_LINUX_PROC    conftest.c -lm    >&5
conftest.c:28:6: warning: conflicting types for built-in function 'isnan'; expected 'int()' [-Wbuiltin-declaration-mismatch]
   28 | char isnan ();
      |      ^~~~~
conftest.c:1:1: note: 'isnan' is declared in header '<math.h>'
    1 | /* confdefs.h */
configure:15084: $? = 0
configure:15094: result: yes
configure:15104: checking for log2 in -lm
configure:15127: gcc -o conftest  -DUSE_LINUX_PROC    conftest.c -lm  -lm   >&5
conftest.c:29:6: warning: conflicting types for built-in function 'log2'; expected 'double(double)' [-Wbuiltin-declaration-mismatch]
   29 | char log2 ();
      |      ^~~~
conftest.c:1:1: note: 'log2' is declared in header '<math.h>'
    1 | /* confdefs.h */
configure:15127: $? = 0
configure:15137: result: yes
configure:15151: checking for strlcpy
configure:15151: gcc -o conftest  -DUSE_LINUX_PROC    conftest.c -lm -lm   >&5
configure:15151: $? = 0
configure:15151: result: yes
configure:15157: checking for strlcat
configure:15157: gcc -o conftest  -DUSE_LINUX_PROC    conftest.c -lm -lm   >&5
configure:15157: $? = 0
configure:15157: result: yes
configure:15163: checking for memmem
configure:15163: gcc -o conftest  -DUSE_LINUX_PROC    conftest.c -lm -lm   >&5
configure:15163: $? = 0
configure:15163: result: yes
configure:15169: checking for timegm
configure:15169: gcc -o conftest  -DUSE_LINUX_PROC    conftest.c -lm -lm   >&5
configure:15169: $? = 0
configure:15169: result: yes
configure:15175: checking for _mkgmtime
configure:15175: gcc -o conftest  -DUSE_LINUX_PROC    conftest.c -lm -lm   >&5
/usr/bin/ld: /tmp/cc4ZcurL.o: in function `main':
conftest.c:(.text+0xe): undefined reference to `_mkgmtime'
collect2: error: ld returned 1 exit status
configure:15175: $? = 1
configure: failed program was:
| /* confdefs.h */
| #define PACKAGE_NAME "yara"
| #define PACKAGE_TARNAME "yara"
| #define PACKAGE_VERSION "4.5.4"
| #define PACKAGE_STRING "yara 4.5.4"
| #define PACKAGE_BUGREPORT "vmalvarez@virustotal.com"
| #define PACKAGE_URL ""
| #define PACKAGE "yara"
| #define VERSION "4.5.4"
| #define YYTEXT_POINTER 1
| #define HAVE_STDIO_H 1
| #define HAVE_STDLIB_H 1
| #define HAVE_STRING_H 1
| #define HAVE_INTTYPES_H 1
| #define HAVE_STDINT_H 1
| #define HAVE_STRINGS_H 1
| #define HAVE_SYS_STAT_H 1
| #define HAVE_SYS_TYPES_H 1
| #define HAVE_UNISTD_H 1
| #define STDC_HEADERS 1
| #define HAVE_DLFCN_H 1
| #define LT_OBJDIR ".libs/"
| #define HAVE_LIBM 1
| #define HAVE_LIBM 1
| #define HAVE_STRLCPY 1
| #define HAVE_STRLCAT 1
| #define HAVE_MEMMEM 1
| #define HAVE_TIMEGM 1
| /* end confdefs.h.  */
| /* Define _mkgmtime to an innocuous variant, in case <limits.h> declares _mkgmtime.
|    For example, HP-UX 11i <limits.h> declares gettimeofday.  */
| #define _mkgmtime innocuous__mkgmtime
| 
| /* System header to define __stub macros and hopefully few prototypes,
|    which can conflict with char _mkgmtime (); below.  */
| 
| #include <limits.h>
| #undef _mkgmtime
| 
| /* Override any GCC internal prototype to avoid an error.
|    Use char because int might match the return type of a GCC
|    builtin and then its argument prototype would still apply.  */
| #ifdef __cplusplus
| extern "C"
| #endif
| char _mkgmtime ();
| /* The GNU C library defines this for functions which it implements
|     to always fail with ENOSYS.  Some functions are actually named
|     something starting with __ and the normal name is an alias.  */
| #if defined __stub__mkgmtime || defined __stub____mkgmtime
| choke me
| #endif
| 
| int
| main (void)
| {
| return _mkgmtime ();
|   ;
|   return 0;
| }
configure:15175: result: no
configure:15181: checking for clock_gettime
configure:15181: gcc -o conftest  -DUSE_LINUX_PROC    conftest.c -lm -lm   >&5
configure:15181: $? = 0
configure:15181: result: yes
configure:15188: checking for stdbool.h
configure:15188: gcc -c  -DUSE_LINUX_PROC   conftest.c >&5
configure:15188: $? = 0
configure:15188: result: yes
configure:15492: checking for pkg-config
configure:15515: found /usr/bin/pkg-config
configure:15527: result: /usr/bin/pkg-config
configure:15552: checking pkg-config is at least version 0.9.0
configure:15555: result: yes
configure:16043: checking for openssl/evp.h
configure:16043: gcc -c  -DUSE_LINUX_PROC  -DDOTNET_MODULE  conftest.c >&5
configure:16043: $? = 0
configure:16043: result: yes
configure:16055: checking for openssl/asn1.h
configure:16055: gcc -c  -DUSE_LINUX_PROC  -DDOTNET_MODULE  conftest.c >&5
configure:16055: $? = 0
configure:16055: result: yes
configure:16067: checking for openssl/crypto.h
configure:16067: gcc -c  -DUSE_LINUX_PROC  -DDOTNET_MODULE  conftest.c >&5
configure:16067: $? = 0
configure:16067: result: yes
configure:16079: checking for openssl/bio.h
configure:16079: gcc -c  -DUSE_LINUX_PROC  -DDOTNET_MODULE  conftest.c >&5
configure:16079: $? = 0
configure:16079: result: yes
configure:16091: checking for openssl/pkcs7.h
configure:16091: gcc -c  -DUSE_LINUX_PROC  -DDOTNET_MODULE  conftest.c >&5
configure:16091: $? = 0
configure:16091: result: yes
configure:16103: checking for openssl/x509.h
configure:16103: gcc -c  -DUSE_LINUX_PROC  -DDOTNET_MODULE  conftest.c >&5
configure:16103: $? = 0
configure:16103: result: yes
configure:16115: checking for openssl/safestack.h
configure:16115: gcc -c  -DUSE_LINUX_PROC  -DDOTNET_MODULE  conftest.c >&5
configure:16115: $? = 0
configure:16115: result: yes
configure:16125: checking for EVP_DigestInit in -lcrypto
configure:16148: gcc -o conftest  -DUSE_LINUX_PROC  -DDOTNET_MODULE   conftest.c -lcrypto  -lm -lm   >&5
configure:16148: $? = 0
configure:16158: result: yes
configure:16170: checking for EVP_DigestUpdate in -lcrypto
configure:16193: gcc -o conftest  -DUSE_LINUX_PROC  -DDOTNET_MODULE   conftest.c -lcrypto  -lcrypto -lm -lm   >&5
configure:16193: $? = 0
configure:16203: result: yes
configure:16215: checking for EVP_DigestFinal in -lcrypto
configure:16238: gcc -o conftest  -DUSE_LINUX_PROC  -DDOTNET_MODULE   conftest.c -lcrypto  -lcrypto -lcrypto -lm -lm   >&5
configure:16238: $? = 0
configure:16248: result: yes
configure:16260: checking for EVP_md5 in -lcrypto
configure:16283: gcc -o conftest  -DUSE_LINUX_PROC  -DDOTNET_MODULE   conftest.c -lcrypto  -lcrypto -lcrypto -lcrypto -lm -lm   >&5
configure:16283: $? = 0
configure:16293: result: yes
configure:16305: checking for EVP_sha1 in -lcrypto
configure:16328: gcc -o conftest  -DUSE_LINUX_PROC  -DDOTNET_MODULE   conftest.c -lcrypto  -lcrypto -lcrypto -lcrypto -lcrypto -lm -lm   >&5
configure:16328: $? = 0
configure:16338: result: yes
configure:16350: checking for EVP_sha256 in -lcrypto
configure:16373: gcc -o conftest  -DUSE_LINUX_PROC  -DDOTNET_MODULE   conftest.c -lcrypto  -lcrypto -lcrypto -lcrypto -lcrypto -lcrypto -lm -lm   >&5
configure:16373: $? = 0
configure:16383: result: yes
configure:16863: checking that generated files are newer than configure
configure:16869: result: done
configure:16993: creating ./config.status

## ---------------------- ##
## Running config.status. ##
## ---------------------- ##

This file was extended by yara config.status 4.5.4, which was
generated by GNU Autoconf 2.71.  Invocation command line was

  CONFIG_FILES    = 
  CONFIG_HEADERS  = 
  CONFIG_LINKS    = 
  CONFIG_COMMANDS = 
  $ ./config.status 

on kanra-GL63-8RC

config.status:1074: creating Makefile
config.status:1074: creating yara.pc
config.status:1246: executing depfiles commands
config.status:1323: cd .       && sed -e '/# am--include-marker/d' Makefile         | make -f - am--depfiles
config.status:1328: $? = 0
config.status:1246: executing libtool commands

## ---------------- ##
## Cache variables. ##
## ---------------- ##

ac_cv_build=x86_64-pc-linux-gnu
ac_cv_c_bigendian=no
ac_cv_c_compiler_gnu=yes
ac_cv_c_inline=inline
ac_cv_env_CC_set=
ac_cv_env_CC_value=
ac_cv_env_CFLAGS_set=
ac_cv_env_CFLAGS_value=
ac_cv_env_CPPFLAGS_set=
ac_cv_env_CPPFLAGS_value=
ac_cv_env_LDFLAGS_set=
ac_cv_env_LDFLAGS_value=
ac_cv_env_LIBS_set=
ac_cv_env_LIBS_value=
ac_cv_env_LT_SYS_LIBRARY_PATH_set=
ac_cv_env_LT_SYS_LIBRARY_PATH_value=
ac_cv_env_PKG_CONFIG_LIBDIR_set=
ac_cv_env_PKG_CONFIG_LIBDIR_value=
ac_cv_env_PKG_CONFIG_PATH_set=
ac_cv_env_PKG_CONFIG_PATH_value=
ac_cv_env_PKG_CONFIG_set=
ac_cv_env_PKG_CONFIG_value=
ac_cv_env_PROTOBUF_C_CFLAGS_set=
ac_cv_env_PROTOBUF_C_CFLAGS_value=
ac_cv_env_PROTOBUF_C_LIBS_set=
ac_cv_env_PROTOBUF_C_LIBS_value=
ac_cv_env_YACC_set=
ac_cv_env_YACC_value=
ac_cv_env_YFLAGS_set=
ac_cv_env_YFLAGS_value=
ac_cv_env_build_alias_set=
ac_cv_env_build_alias_value=
ac_cv_env_host_alias_set=
ac_cv_env_host_alias_value=
ac_cv_env_target_alias_set=
ac_cv_env_target_alias_value=
ac_cv_func__mkgmtime=no
ac_cv_func_clock_gettime=yes
ac_cv_func_memmem=yes
ac_cv_func_strlcat=yes
ac_cv_func_strlcpy=yes
ac_cv_func_timegm=yes
ac_cv_header_dlfcn_h=yes
ac_cv_header_inttypes_h=yes
ac_cv_header_openssl_asn1_h=yes
ac_cv_header_openssl_bio_h=yes
ac_cv_header_openssl_crypto_h=yes
ac_cv_header_openssl_evp_h=yes
ac_cv_header_openssl_pkcs7_h=yes
ac_cv_header_openssl_safestack_h=yes
ac_cv_header_openssl_x509_h=yes
ac_cv_header_stdbool_h=yes
ac_cv_header_stdint_h=yes
ac_cv_header_stdio_h=yes
ac_cv_header_stdlib_h=yes
ac_cv_header_string_h=yes
ac_cv_header_strings_h=yes
ac_cv_header_sys_stat_h=yes
ac_cv_header_sys_types_h=yes
ac_cv_header_unistd_h=yes
ac_cv_host=x86_64-pc-linux-gnu
ac_cv_lib_crypto_EVP_DigestFinal=yes
ac_cv_lib_crypto_EVP_DigestInit=yes
ac_cv_lib_crypto_EVP_DigestUpdate=yes
ac_cv_lib_crypto_EVP_md5=yes
ac_cv_lib_crypto_EVP_sha1=yes
ac_cv_lib_crypto_EVP_sha256=yes
ac_cv_lib_lex='none needed'
ac_cv_lib_m_isnan=yes
ac_cv_lib_m_log2=yes
ac_cv_objext=o
ac_cv_path_EGREP='/usr/bin/grep -E'
ac_cv_path_FGREP='/usr/bin/grep -F'
ac_cv_path_GREP=/usr/bin/grep
ac_cv_path_SED=/usr/bin/sed
ac_cv_path_ac_pt_PKG_CONFIG=/usr/bin/pkg-config
ac_cv_path_install='/usr/bin/install -c'
ac_cv_path_lt_DD=/usr/bin/dd
ac_cv_path_mkdir=/usr/bin/mkdir
ac_cv_prog_AWK=mawk
ac_cv_prog_LEX=flex
ac_cv_prog_YACC='bison -y'
ac_cv_prog_ac_ct_AR=ar
ac_cv_prog_ac_ct_CC=gcc
ac_cv_prog_ac_ct_FILECMD=file
ac_cv_prog_ac_ct_MANIFEST_TOOL=mt
ac_cv_prog_ac_ct_OBJDUMP=objdump
ac_cv_prog_ac_ct_RANLIB=ranlib
ac_cv_prog_ac_ct_STRIP=strip
ac_cv_prog_cc_c11=
ac_cv_prog_cc_g=yes
ac_cv_prog_cc_stdc=
ac_cv_prog_lex_root=lex.yy
ac_cv_prog_lex_yytext_pointer=yes
ac_cv_prog_make_make_set=yes
ac_cv_search_yywrap=-ll
am_cv_CC_dependencies_compiler_type=gcc3
am_cv_ar_interface=ar
am_cv_make_support_nested_variables=yes
am_cv_prog_cc_c_o=yes
lt_cv_ar_at_file=@
lt_cv_archive_cmds_need_lc=no
lt_cv_deplibs_check_method=pass_all
lt_cv_file_magic_cmd='$MAGIC_CMD'
lt_cv_file_magic_test_file=
lt_cv_ld_reload_flag=-r
lt_cv_nm_interface='BSD nm'
lt_cv_objdir=.libs
lt_cv_path_LD=/usr/bin/ld
lt_cv_path_NM='/usr/bin/nm -B'
lt_cv_path_mainfest_tool=no
lt_cv_prog_compiler_c_o=yes
lt_cv_prog_compiler_pic='-fPIC -DPIC'
lt_cv_prog_compiler_pic_works=yes
lt_cv_prog_compiler_rtti_exceptions=no
lt_cv_prog_compiler_static_works=yes
lt_cv_prog_gnu_ld=yes
lt_cv_sharedlib_from_linklib_cmd='printf %s\n'
lt_cv_shlibpath_overrides_runpath=yes
lt_cv_sys_global_symbol_pipe='/usr/bin/sed -n -e '\''s/^.*[	 ]\([ABCDGIRSTW][ABCDGIRSTW]*\)[	 ][	 ]*\([_A-Za-z][_A-Za-z0-9]*\)$/\1 \2 \2/p'\'' | /usr/bin/sed '\''/ __gnu_lto/d'\'''
lt_cv_sys_global_symbol_to_c_name_address='/usr/bin/sed -n -e '\''s/^: \(.*\) .*$/  {"\1", (void *) 0},/p'\'' -e '\''s/^[ABCDGIRSTW][ABCDGIRSTW]* .* \(.*\)$/  {"\1", (void *) \&\1},/p'\'''
lt_cv_sys_global_symbol_to_c_name_address_lib_prefix='/usr/bin/sed -n -e '\''s/^: \(.*\) .*$/  {"\1", (void *) 0},/p'\'' -e '\''s/^[ABCDGIRSTW][ABCDGIRSTW]* .* \(lib.*\)$/  {"\1", (void *) \&\1},/p'\'' -e '\''s/^[ABCDGIRSTW][ABCDGIRSTW]* .* \(.*\)$/  {"lib\1", (void *) \&\1},/p'\'''
lt_cv_sys_global_symbol_to_cdecl='/usr/bin/sed -n -e '\''s/^T .* \(.*\)$/extern int \1();/p'\'' -e '\''s/^[ABCDGIRSTW][ABCDGIRSTW]* .* \(.*\)$/extern char \1;/p'\'''
lt_cv_sys_global_symbol_to_import=
lt_cv_sys_max_cmd_len=1572864
lt_cv_to_host_file_cmd=func_convert_file_noop
lt_cv_to_tool_file_cmd=func_convert_file_noop
lt_cv_truncate_bin='/usr/bin/dd bs=4096 count=1'

## ----------------- ##
## Output variables. ##
## ----------------- ##

ACLOCAL='${SHELL} '\''/home/kanra/build/yara/build-aux/missing'\'' aclocal-1.16'
ADDRESS_SANITIZER_FALSE=''
ADDRESS_SANITIZER_TRUE='#'
AMDEPBACKSLASH='\'
AMDEP_FALSE='#'
AMDEP_TRUE=''
AMTAR='$${TAR-tar}'
AM_BACKSLASH='\'
AM_DEFAULT_V='$(AM_DEFAULT_VERBOSITY)'
AM_DEFAULT_VERBOSITY='0'
AM_V='$(V)'
AR='ar'
AUTHENTICODE_MODULE_FALSE='#'
AUTHENTICODE_MODULE_TRUE=''
AUTOCONF='${SHELL} '\''/home/kanra/build/yara/build-aux/missing'\'' autoconf'
AUTOHEADER='${SHELL} '\''/home/kanra/build/yara/build-aux/missing'\'' autoheader'
AUTOMAKE='${SHELL} '\''/home/kanra/build/yara/build-aux/missing'\'' automake-1.16'
AWK='mawk'
CC='gcc'
CCDEPMODE='depmode=gcc3'
CFLAGS=' -DUSE_LINUX_PROC  -DDOTNET_MODULE -DHASH_MODULE -DBUCKETS_128=1 -DCHECKSUM_1B=1'
CPPFLAGS=''
CSCOPE='cscope'
CTAGS='ctags'
CUCKOO_MODULE_FALSE=''
CUCKOO_MODULE_TRUE='#'
CYGPATH_W='echo'
DEBUG_DEX_MODULE_FALSE=''
DEBUG_DEX_MODULE_TRUE='#'
DEBUG_FALSE=''
DEBUG_TRUE='#'
DEFS='-DPACKAGE_NAME=\"yara\" -DPACKAGE_TARNAME=\"yara\" -DPACKAGE_VERSION=\"4.5.4\" -DPACKAGE_STRING=\"yara\ 4.5.4\" -DPACKAGE_BUGREPORT=\"vmalvarez@virustotal.com\" -DPACKAGE_URL=\"\" -DPACKAGE=\"yara\" -DVERSION=\"4.5.4\" -DYYTEXT_POINTER=1 -DHAVE_STDIO_H=1 -DHAVE_STDLIB_H=1 -DHAVE_STRING_H=1 -DHAVE_INTTYPES_H=1 -DHAVE_STDINT_H=1 -DHAVE_STRINGS_H=1 -DHAVE_SYS_STAT_H=1 -DHAVE_SYS_TYPES_H=1 -DHAVE_UNISTD_H=1 -DSTDC_HEADERS=1 -DHAVE_DLFCN_H=1 -DLT_OBJDIR=\".libs/\" -DHAVE_LIBM=1 -DHAVE_LIBM=1 -DHAVE_STRLCPY=1 -DHAVE_STRLCAT=1 -DHAVE_MEMMEM=1 -DHAVE_TIMEGM=1 -DHAVE_CLOCK_GETTIME=1 -DHAVE_STDBOOL_H=1 -DHAVE_OPENSSL_EVP_H=1 -DHAVE_OPENSSL_ASN1_H=1 -DHAVE_OPENSSL_CRYPTO_H=1 -DHAVE_OPENSSL_BIO_H=1 -DHAVE_OPENSSL_PKCS7_H=1 -DHAVE_OPENSSL_X509_H=1 -DHAVE_OPENSSL_SAFESTACK_H=1 -DHAVE_LIBCRYPTO=1 -DHAVE_LIBCRYPTO=1 -DHAVE_LIBCRYPTO=1 -DHAVE_LIBCRYPTO=1 -DHAVE_LIBCRYPTO=1 -DHAVE_LIBCRYPTO=1 -DHAVE_SCAN_PROC_IMPL=1'
DEPDIR='.deps'
DEX_MODULE_FALSE=''
DEX_MODULE_TRUE='#'
DLLTOOL='false'
DOTNET_MODULE_FALSE='#'
DOTNET_MODULE_TRUE=''
DSYMUTIL=''
DUMPBIN=''
ECHO_C=''
ECHO_N='-n'
ECHO_T=''
EGREP='/usr/bin/grep -E'
ETAGS='etags'
EXEEXT=''
FGREP='/usr/bin/grep -F'
FILECMD='file'
GCC_FALSE='#'
GCC_TRUE=''
GCOV_FALSE=''
GCOV_TRUE='#'
GREP='/usr/bin/grep'
HASH_MODULE_FALSE='#'
HASH_MODULE_TRUE=''
INSTALL_DATA='${INSTALL} -m 644'
INSTALL_PROGRAM='${INSTALL}'
INSTALL_SCRIPT='${INSTALL}'
INSTALL_STRIP_PROGRAM='$(install_sh) -c -s'
LD='/usr/bin/ld -m elf_x86_64'
LDFLAGS=''
LEX='flex'
LEXLIB='-ll '
LEX_OUTPUT_ROOT='lex.yy'
LIBOBJS=''
LIBS='-lcrypto -lcrypto -lcrypto -lcrypto -lcrypto -lcrypto -lm -lm  '
LIBTOOL='$(SHELL) $(top_builddir)/libtool'
LIPO=''
LN_S='ln -s'
LTLIBOBJS=''
LT_SYS_LIBRARY_PATH=''
MACHO_MODULE_FALSE=''
MACHO_MODULE_TRUE='#'
MAGIC_MODULE_FALSE=''
MAGIC_MODULE_TRUE='#'
MAKEINFO='${SHELL} '\''/home/kanra/build/yara/build-aux/missing'\'' makeinfo'
MANIFEST_TOOL=':'
MKDIR_P='/usr/bin/mkdir -p'
NM='/usr/bin/nm -B'
NMEDIT=''
OBJDUMP='objdump'
OBJEXT='o'
OPTIMIZATION_FALSE='#'
OPTIMIZATION_TRUE=''
OTOOL64=''
OTOOL=''
PACKAGE='yara'
PACKAGE_BUGREPORT='vmalvarez@virustotal.com'
PACKAGE_NAME='yara'
PACKAGE_STRING='yara 4.5.4'
PACKAGE_TARNAME='yara'
PACKAGE_URL=''
PACKAGE_VERSION='4.5.4'
PATH_SEPARATOR=':'
PB_TESTS_MODULE_FALSE=''
PB_TESTS_MODULE_TRUE='#'
PC_LIBS_PRIVATE=' -lm'
PC_REQUIRES_PRIVATE=' libcrypto'
PKG_CONFIG='/usr/bin/pkg-config'
PKG_CONFIG_LIBDIR=''
PKG_CONFIG_PATH=''
POSIX_FALSE='#'
POSIX_TRUE=''
PROFILING_ENABLED_FALSE=''
PROFILING_ENABLED_TRUE='#'
PROTOBUF_C_CFLAGS=''
PROTOBUF_C_LIBS=''
PROTOC=''
PROTOC_FALSE=''
PROTOC_TRUE='#'
PTHREAD_CC='gcc'
PTHREAD_CFLAGS=''
PTHREAD_LIBS=''
RANLIB='ranlib'
SED='/usr/bin/sed'
SET_MAKE=''
SHELL='/bin/bash'
STRIP='strip'
UB_SANITIZER_FALSE=''
UB_SANITIZER_TRUE='#'
USE_FREEBSD_PROC_FALSE=''
USE_FREEBSD_PROC_TRUE='#'
USE_LINUX_PROC_FALSE='#'
USE_LINUX_PROC_TRUE=''
USE_MACH_PROC_FALSE=''
USE_MACH_PROC_TRUE='#'
USE_NO_PROC_FALSE=''
USE_NO_PROC_TRUE='#'
USE_OPENBSD_PROC_FALSE=''
USE_OPENBSD_PROC_TRUE='#'
USE_WINDOWS_PROC_FALSE=''
USE_WINDOWS_PROC_TRUE='#'
VERSION='4.5.4'
YACC='bison -y'
YFLAGS=''
ac_ct_AR='ar'
ac_ct_CC='gcc'
ac_ct_DUMPBIN=''
acx_pthread_config=''
am__EXEEXT_FALSE=''
am__EXEEXT_TRUE='#'
am__fastdepCC_FALSE='#'
am__fastdepCC_TRUE=''
am__include='include'
am__isrc=''
am__leading_dot='.'
am__nodep='_no'
am__quote=''
am__tar='$${TAR-tar} chof - "$$tardir"'
am__untar='$${TAR-tar} xf -'
bindir='${exec_prefix}/bin'
build='x86_64-pc-linux-gnu'
build_alias=''
build_cpu='x86_64'
build_os='linux-gnu'
build_vendor='pc'
datadir='${datarootdir}'
datarootdir='${prefix}/share'
docdir='${datarootdir}/doc/${PACKAGE_TARNAME}'
dvidir='${docdir}'
exec_prefix='${prefix}'
host='x86_64-pc-linux-gnu'
host_alias=''
host_cpu='x86_64'
host_os='linux-gnu'
host_vendor='pc'
htmldir='${docdir}'
includedir='${prefix}/include'
infodir='${datarootdir}/info'
install_sh='${SHELL} /home/kanra/build/yara/build-aux/install-sh'
libdir='${exec_prefix}/lib'
libexecdir='${exec_prefix}/libexec'
localedir='${datarootdir}/locale'
localstatedir='${prefix}/var'
mandir='${datarootdir}/man'
mkdir_p='$(MKDIR_P)'
oldincludedir='/usr/include'
pdfdir='${docdir}'
prefix='/usr/local'
program_transform_name='s,x,x,'
psdir='${docdir}'
runstatedir='${localstatedir}/run'
sbindir='${exec_prefix}/sbin'
sharedstatedir='${prefix}/com'
sysconfdir='${prefix}/etc'
target_alias=''

## ----------- ##
## confdefs.h. ##
## ----------- ##

/* confdefs.h */
#define PACKAGE_NAME "yara"
#define PACKAGE_TARNAME "yara"
#define PACKAGE_VERSION "4.5.4"
#define PACKAGE_STRING "yara 4.5.4"
#define PACKAGE_BUGREPORT "vmalvarez@virustotal.com"
#define PACKAGE_URL ""
#define PACKAGE "yara"
#define VERSION "4.5.4"
#define YYTEXT_POINTER 1
#define HAVE_STDIO_H 1
#define HAVE_STDLIB_H 1
#define HAVE_STRING_H 1
#define HAVE_INTTYPES_H 1
#define HAVE_STDINT_H 1
#define HAVE_STRINGS_H 1
#define HAVE_SYS_STAT_H 1
#define HAVE_SYS_TYPES_H 1
#define HAVE_UNISTD_H 1
#define STDC_HEADERS 1
#define HAVE_DLFCN_H 1
#define LT_OBJDIR ".libs/"
#define HAVE_LIBM 1
#define HAVE_LIBM 1
#define HAVE_STRLCPY 1
#define HAVE_STRLCAT 1
#define HAVE_MEMMEM 1
#define HAVE_TIMEGM 1
#define HAVE_CLOCK_GETTIME 1
#define HAVE_STDBOOL_H 1
#define HAVE_OPENSSL_EVP_H 1
#define HAVE_OPENSSL_ASN1_H 1
#define HAVE_OPENSSL_CRYPTO_H 1
#define HAVE_OPENSSL_BIO_H 1
#define HAVE_OPENSSL_PKCS7_H 1
#define HAVE_OPENSSL_X509_H 1
#define HAVE_OPENSSL_SAFESTACK_H 1
#define HAVE_LIBCRYPTO 1
#define HAVE_LIBCRYPTO 1
#define HAVE_LIBCRYPTO 1
#define HAVE_LIBCRYPTO 1
#define HAVE_LIBCRYPTO 1
#define HAVE_LIBCRYPTO 1
#define HAVE_SCAN_PROC_IMPL 1

configure: exit 0
